#
# There is insufficient memory for the Java Runtime Environment to continue.
# Native memory allocation (mmap) failed to map 132120576 bytes for G1 virtual space
# Possible reasons:
#   The system is out of physical RAM or swap space
#   The process is running with CompressedOops enabled, and the Java Heap may be blocking the growth of the native heap
# Possible solutions:
#   Reduce memory load on the system
#   Increase physical memory or swap space
#   Check if swap backing store is full
#   Decrease Java heap size (-Xmx/-Xms)
#   Decrease number of Java threads
#   Decrease Java thread stack sizes (-Xss)
#   Set larger code cache with -XX:ReservedCodeCacheSize=
#   JVM is running with Unscaled Compressed Oops mode in which the Java heap is
#     placed in the first 4GB address space. The Java Heap base address is the
#     maximum limit for the native heap growth. Please use -XX:HeapBaseMinAddress
#     to set the Java Heap base and to place the Java Heap above 4GB virtual address.
# This output file may be truncated or incomplete.
#
#  Out of Memory Error (os_windows.cpp:3541), pid=66400, tid=68344
#
# JRE version:  (17.0.5+9) (build )
# Java VM: Java HotSpot(TM) 64-Bit Server VM (17.0.5+9-LTS-191, mixed mode, sharing, tiered, compressed oops, compressed class ptrs, g1 gc, windows-amd64)
# No core dump will be written. Minidumps are not enabled by default on client versions of Windows
#

---------------  S U M M A R Y ------------

Command Line: -Dfile.encoding=UTF-8 --module-path=C:\Users\Monisha B S\OneDrive\Documents\NetBeansProjects\Electricity Billing System\build\classes electricity.billing.system.ViewInformation

Host: Intel(R) Core(TM) i5-1035G1 CPU @ 1.00GHz, 8 cores, 7G,  Windows 11 , 64 bit Build 22621 (10.0.22621.963)
Time: Sat Dec 31 17:12:10 2022 India Standard Time elapsed time: 0.099717 seconds (0d 0h 0m 0s)

---------------  T H R E A D  ---------------

Current thread (0x000001a27617c6b0):  JavaThread "Unknown thread" [_thread_in_vm, id=68344, stack(0x00000058ece00000,0x00000058ecf00000)]

Stack: [0x00000058ece00000,0x00000058ecf00000]
Native frames: (J=compiled Java code, j=interpreted, Vv=VM code, C=native code)
V  [jvm.dll+0x672eea]
V  [jvm.dll+0x7d2a04]
V  [jvm.dll+0x7d41ae]
V  [jvm.dll+0x7d4813]
V  [jvm.dll+0x242c15]
V  [jvm.dll+0x66fe09]
V  [jvm.dll+0x664682]
V  [jvm.dll+0x300e8b]
V  [jvm.dll+0x308426]
V  [jvm.dll+0x357ffe]
V  [jvm.dll+0x35822f]
V  [jvm.dll+0x2d80a8]
V  [jvm.dll+0x2d9014]
V  [jvm.dll+0x7a44e1]
V  [jvm.dll+0x365df1]
V  [jvm.dll+0x7838fc]
V  [jvm.dll+0x3e873f]
V  [jvm.dll+0x3ea1e1]
C  [jli.dll+0x527b]
C  [ucrtbase.dll+0x29363]
C  [KERNEL32.DLL+0x126bd]
C  [ntdll.dll+0x5dfb8]


---------------  P R O C E S S  ---------------

Threads class SMR info:
_java_thread_list=0x00007ff85c6ea8d8, length=0, elements={
}

Java Threads: ( => current thread )

Other Threads:
  0x000001a2761d4770 GCTaskThread "GC Thread#0" [stack: 0x00000058ecf00000,0x00000058ed000000] [id=55196]
  0x000001a2761e61a0 ConcurrentGCThread "G1 Main Marker" [stack: 0x00000058ed000000,0x00000058ed100000] [id=43548]
  0x000001a2761e8200 ConcurrentGCThread "G1 Conc#0" [stack: 0x00000058ed100000,0x00000058ed200000] [id=69168]

[error occurred during error reporting (printing all threads), id 0xc0000005, EXCEPTION_ACCESS_VIOLATION (0xc0000005) at pc=0x00007ff85bf38a97]

VM state: not at safepoint (not fully initialized)

VM Mutex/Monitor currently owned by a thread:  ([mutex/lock_event])
[0x000001a276177cd0] Heap_lock - owner thread: 0x000001a27617c6b0

Heap address: 0x0000000083400000, size: 1996 MB, Compressed Oops mode: 32-bit

CDS archive(s) mapped at: [0x0000000000000000-0x0000000000000000-0x0000000000000000), size 0, SharedBaseAddress: 0x0000000800000000, ArchiveRelocationMode: 0.
Narrow klass base: 0x0000000000000000, Narrow klass shift: 0, Narrow klass range: 0x0

GC Precious Log:
<Empty>

Heap:
 garbage-first heap   total 0K, used 0K [0x0000000083400000, 0x0000000100000000)
  region size 1024K, 0 young (0K), 0 survivors (0K)

[error occurred during error reporting (printing heap information), id 0xc0000005, EXCEPTION_ACCESS_VIOLATION (0xc0000005) at pc=0x00007ff85c31c399]

GC Heap History (0 events):
No events

Deoptimization events (0 events):
No events

Classes unloaded (0 events):
No events

Classes redefined (0 events):
No events

Internal exceptions (0 events):
No events

VM Operations (0 events):
No events

Events (1 events):
Event: 0.007 Loaded shared library C:\Program Files\Java\jdk-17.0.5\bin\java.dll


Dynamic libraries:
0x00007ff6fd090000 - 0x00007ff6fd0a0000 	C:\Program Files\Java\jdk-17.0.5\bin\java.exe
0x00007ff8d2330000 - 0x00007ff8d2544000 	C:\WINDOWS\SYSTEM32\ntdll.dll
0x00007ff8d0b80000 - 0x00007ff8d0c43000 	C:\WINDOWS\System32\KERNEL32.DLL
0x00007ff8cfb00000 - 0x00007ff8cfe9d000 	C:\WINDOWS\System32\KERNELBASE.dll
0x00007ff8cff60000 - 0x00007ff8d0071000 	C:\WINDOWS\System32\ucrtbase.dll
0x00007ff8c5a00000 - 0x00007ff8c5a1a000 	C:\Program Files\Java\jdk-17.0.5\bin\VCRUNTIME140.dll
0x00007ff8c6ab0000 - 0x00007ff8c6ac8000 	C:\Program Files\Java\jdk-17.0.5\bin\jli.dll
0x00007ff8d0120000 - 0x00007ff8d01ce000 	C:\WINDOWS\System32\ADVAPI32.dll
0x00007ff8d2240000 - 0x00007ff8d22e7000 	C:\WINDOWS\System32\msvcrt.dll
0x00007ff8d0380000 - 0x00007ff8d0424000 	C:\WINDOWS\System32\sechost.dll
0x00007ff8d1240000 - 0x00007ff8d1355000 	C:\WINDOWS\System32\RPCRT4.dll
0x00007ff8d01d0000 - 0x00007ff8d037d000 	C:\WINDOWS\System32\USER32.dll
0x00007ff8b5e30000 - 0x00007ff8b60be000 	C:\WINDOWS\WinSxS\amd64_microsoft.windows.common-controls_6595b64144ccf1df_6.0.22621.608_none_a9444ca7c10bb01d\COMCTL32.dll
0x00007ff8cf750000 - 0x00007ff8cf776000 	C:\WINDOWS\System32\win32u.dll
0x00007ff8d0430000 - 0x00007ff8d0459000 	C:\WINDOWS\System32\GDI32.dll
0x00007ff8cf9e0000 - 0x00007ff8cfaf2000 	C:\WINDOWS\System32\gdi32full.dll
0x00007ff8d0080000 - 0x00007ff8d011a000 	C:\WINDOWS\System32\msvcp_win.dll
0x00007ff8be030000 - 0x00007ff8be03a000 	C:\WINDOWS\SYSTEM32\VERSION.dll
0x00007ff8d0df0000 - 0x00007ff8d0e22000 	C:\WINDOWS\System32\IMM32.DLL
0x00007ff8c59f0000 - 0x00007ff8c59fc000 	C:\Program Files\Java\jdk-17.0.5\bin\vcruntime140_1.dll
0x00007ff8bc170000 - 0x00007ff8bc1fd000 	C:\Program Files\Java\jdk-17.0.5\bin\msvcp140.dll
0x00007ff85bc50000 - 0x00007ff85c812000 	C:\Program Files\Java\jdk-17.0.5\bin\server\jvm.dll
0x00007ff8d1be0000 - 0x00007ff8d1be8000 	C:\WINDOWS\System32\PSAPI.DLL
0x00007ff8bca40000 - 0x00007ff8bca49000 	C:\WINDOWS\SYSTEM32\WSOCK32.dll
0x00007ff8c3d30000 - 0x00007ff8c3d64000 	C:\WINDOWS\SYSTEM32\WINMM.dll
0x00007ff8d1b60000 - 0x00007ff8d1bd1000 	C:\WINDOWS\System32\WS2_32.dll
0x00007ff8ce8a0000 - 0x00007ff8ce8b8000 	C:\WINDOWS\SYSTEM32\kernel.appcore.dll
0x00007ff8c4100000 - 0x00007ff8c410a000 	C:\Program Files\Java\jdk-17.0.5\bin\jimage.dll
0x00007ff8c9aa0000 - 0x00007ff8c9cce000 	C:\WINDOWS\SYSTEM32\DBGHELP.DLL
0x00007ff8d0610000 - 0x00007ff8d099a000 	C:\WINDOWS\System32\combase.dll
0x00007ff8d09a0000 - 0x00007ff8d0a77000 	C:\WINDOWS\System32\OLEAUT32.dll
0x00007ff8bd130000 - 0x00007ff8bd162000 	C:\WINDOWS\SYSTEM32\dbgcore.DLL
0x00007ff8cf960000 - 0x00007ff8cf9db000 	C:\WINDOWS\System32\bcryptPrimitives.dll
0x00007ff8c59c0000 - 0x00007ff8c59e5000 	C:\Program Files\Java\jdk-17.0.5\bin\java.dll

dbghelp: loaded successfully - version: 4.0.5 - missing functions: none
symbol engine: initialized successfully - sym options: 0x614 - pdb path: .;C:\Program Files\Java\jdk-17.0.5\bin;C:\WINDOWS\SYSTEM32;C:\WINDOWS\WinSxS\amd64_microsoft.windows.common-controls_6595b64144ccf1df_6.0.22621.608_none_a9444ca7c10bb01d;C:\Program Files\Java\jdk-17.0.5\bin\server

VM Arguments:
jvm_args: -Dfile.encoding=UTF-8 --module-path=C:\Users\Monisha B S\OneDrive\Documents\NetBeansProjects\Electricity Billing System\build\classes 
java_command: electricity.billing.system.ViewInformation
java_class_path (initial): C:\Users\Monisha B S\Downloads\mysql-connector-java-8.0.28.jar;C:\Users\Monisha B S\OneDrive\Desktop\rs2xml.jar;C:\Users\Monisha B S\OneDrive\Documents\NetBeansProjects\Electricity Billing System\build\classes
Launcher Type: SUN_STANDARD

[Global flags]
     intx CICompilerCount                          = 4                                         {product} {ergonomic}
     uint ConcGCThreads                            = 2                                         {product} {ergonomic}
     uint G1ConcRefinementThreads                  = 8                                         {product} {ergonomic}
   size_t G1HeapRegionSize                         = 1048576                                   {product} {ergonomic}
    uintx GCDrainStackTargetSize                   = 64                                        {product} {ergonomic}
   size_t InitialHeapSize                          = 132120576                                 {product} {ergonomic}
   size_t MarkStackSize                            = 4194304                                   {product} {ergonomic}
   size_t MaxHeapSize                              = 2092957696                                {product} {ergonomic}
   size_t MinHeapDeltaBytes                        = 1048576                                   {product} {ergonomic}
   size_t MinHeapSize                              = 8388608                                   {product} {ergonomic}
    uintx NonNMethodCodeHeapSize                   = 5839372                                {pd product} {ergonomic}
    uintx NonProfiledCodeHeapSize                  = 122909434                              {pd product} {ergonomic}
    uintx ProfiledCodeHeapSize                     = 122909434                              {pd product} {ergonomic}
    uintx ReservedCodeCacheSize                    = 251658240                              {pd product} {ergonomic}
     bool SegmentedCodeCache                       = true                                      {product} {ergonomic}
   size_t SoftMaxHeapSize                          = 2092957696                             {manageable} {ergonomic}
     bool UseCompressedClassPointers               = true                           {product lp64_product} {ergonomic}
     bool UseCompressedOops                        = true                           {product lp64_product} {ergonomic}
     bool UseG1GC                                  = true                                      {product} {ergonomic}
     bool UseLargePagesIndividualAllocation        = false                                  {pd product} {ergonomic}

Logging:
Log output configuration:
 #0: stdout all=warning uptime,level,tags
 #1: stderr all=off uptime,level,tags

Environment Variables:
JAVA_HOME=C:\Program Files\Amazon Corretto\jdk11.0.11_9
PATH=C:\Program Files\Common Files\Oracle\Java\javapath;C:\Program Files\Amazon Corretto\jdk11.0.11_9\bin;C:\Windows\system32;C:\Windows;C:\Windows\System32\Wbem;C:\Windows\System32\WindowsPowerShell\v1.0\;C:\Windows\System32\OpenSSH\;C:\Program Files (x86)\NVIDIA Corporation\PhysX\Common;C:\Program Files\NVIDIA Corporation\NVIDIA NvDLISR;C:\Program Files\Java\jdk-15.0.1\bin;C:\WINDOWS\system32;C:\WINDOWS;C:\WINDOWS\System32\Wbem;C:\WINDOWS\System32\WindowsPowerShell\v1.0\;C:\WINDOWS\System32\OpenSSH\;C:\Program Files\nodejs\;C:\Program Files\Git\cmd;C:\Program Files\Java\jdk-17.0.5\bin;C:\Program Files\MySQL\MySQL Shell 8.0\bin\;C:\Users\Monisha B S\AppData\Local\Programs\Python\Python310\Scripts\;C:\Users\Monisha B S\AppData\Local\Programs\Python\Python310\;C:\Users\Monisha B S\AppData\Local\Microsoft\WindowsApps;C:\cygwin64\bin;C:\ProgramData\Monisha B S\atom\bin;C:\Users\Monisha B S\AppData\Local\Microsoft\WindowsApps;;C:\Users\Monisha B S\AppData\Local\Programs\Hyper\resources\bin;C:\Program Files\heroku\bin;C:\Users\Monisha B S\AppData\Local\Programs\Microsoft VS Code\bin;C:\Users\Monisha B S\AppData\Roaming\npm
USERNAME=Monisha B S
OS=Windows_NT
PROCESSOR_IDENTIFIER=Intel64 Family 6 Model 126 Stepping 5, GenuineIntel



---------------  S Y S T E M  ---------------

OS:
 Windows 11 , 64 bit Build 22621 (10.0.22621.963)
OS uptime: 6 days 20:35 hours

CPU: total 8 (initial active 8) (4 cores per cpu, 2 threads per core) family 6 model 126 stepping 5 microcode 0xa0, cx8, cmov, fxsr, ht, mmx, 3dnowpref, sse, sse2, sse3, ssse3, sse4.1, sse4.2, popcnt, lzcnt, tsc, tscinvbit, avx, avx2, aes, erms, clmul, bmi1, bmi2, adx, avx512f, avx512dq, avx512cd, avx512bw, avx512vl, sha, fma, vzeroupper, avx512_vpopcntdq, avx512_vpclmulqdq, avx512_vaes, avx512_vnni, clflush, clflushopt, avx512_vbmi2, avx512_vbmi

Memory: 4k page, system-wide physical 7977M (434M free)
TotalPageFile size 32553M (AvailPageFile size 77M)
current process WorkingSet (physical memory assigned to process): 11M, peak: 11M
current process commit charge ("private bytes"): 60M, peak: 186M

vm_info: Java HotSpot(TM) 64-Bit Server VM (17.0.5+9-LTS-191) for windows-amd64 JRE (17.0.5+9-LTS-191), built on Sep 13 2022 17:31:43 by "mach5one" with MS VC++ 16.8 / 16.9 (VS2019)

END.
